<?xml version="1.0" encoding="UTF-8" ?>
<testsuites>
<testsuite name="server basics" errors="0" tests="1" failures="0" time="0.088" timestamp="2013-06-11T08:52:27">
  <testcase classname="server basics" name="should respond be alive" time="0.087"></testcase>
</testsuite>
</testsuites>