<?xml version="1.0" encoding="UTF-8" ?>
<testsuites>
<testsuite name="login" errors="0" tests="1" failures="1" time="0.377" timestamp="2013-05-29T09:34:52">
  <testcase classname="login" name="make a basic ajax call" time="0.376"><failure>1: ReferenceError: setFixtures is not defined 2: ReferenceError: $ is not defined</failure></testcase>
</testsuite>
</testsuites>