<?xml version="1.0" encoding="UTF-8" ?>
<testsuites>

  <testsuite name="login" errors="0" tests="2" failures="0" time="0.013" timestamp="2013-06-11T16:37:39.479Z">
    
      <testcase assertions="7" classname="login" name="make a basic ajax call" time="0.009">
        
      </testcase>
    
      <testcase assertions="8" classname="login" name="make a basic ajax call" time="0.001">
        
      </testcase>
    
  </testsuite>

</testsuites>